0 info it worked if it ends with ok
1 verbose cli [ '/usr/local/bin/node',
1 verbose cli   '/usr/local/bin/npm',
1 verbose cli   'install',
1 verbose cli   '-g',
1 verbose cli   'jake',
1 verbose cli   '--save' ]
2 info using npm@2.15.1
3 info using node@v4.4.4
4 verbose install initial load of /usr/local/lib/package.json
5 verbose readDependencies loading dependencies from /usr/local/lib/package.json
6 silly cache add args [ 'jake', null ]
7 verbose cache add spec jake
8 silly cache add parsed spec Result {
8 silly cache add   raw: 'jake',
8 silly cache add   scope: null,
8 silly cache add   name: 'jake',
8 silly cache add   rawSpec: '',
8 silly cache add   spec: 'latest',
8 silly cache add   type: 'tag' }
9 silly addNamed jake@latest
10 verbose addNamed "latest" is being treated as a dist-tag for jake
11 info addNameTag [ 'jake', 'latest' ]
12 silly mapToRegistry name jake
13 silly mapToRegistry using default registry
14 silly mapToRegistry registry https://registry.npmjs.org/
15 silly mapToRegistry data Result {
15 silly mapToRegistry   raw: 'jake',
15 silly mapToRegistry   scope: null,
15 silly mapToRegistry   name: 'jake',
15 silly mapToRegistry   rawSpec: '',
15 silly mapToRegistry   spec: 'latest',
15 silly mapToRegistry   type: 'tag' }
16 silly mapToRegistry uri https://registry.npmjs.org/jake
17 verbose addNameTag registry:https://registry.npmjs.org/jake not in flight; fetching
18 verbose request uri https://registry.npmjs.org/jake
19 verbose request no auth needed
20 info attempt registry request try #1 at 8:30:20 PM
21 verbose request id 1f7ee1d9e9315238
22 verbose etag "B03AU4EU98P31SDBJ4DJV3J1C"
23 http request GET https://registry.npmjs.org/jake
24 http 304 https://registry.npmjs.org/jake
25 verbose headers { date: 'Sun, 10 Jul 2016 01:30:20 GMT',
25 verbose headers   via: '1.1 varnish',
25 verbose headers   'cache-control': 'max-age=300',
25 verbose headers   etag: '"B03AU4EU98P31SDBJ4DJV3J1C"',
25 verbose headers   age: '64',
25 verbose headers   connection: 'keep-alive',
25 verbose headers   'x-served-by': 'cache-atl6240-ATL',
25 verbose headers   'x-cache': 'HIT',
25 verbose headers   'x-cache-hits': '1',
25 verbose headers   'x-timer': 'S1468114220.918464,VS0,VE0',
25 verbose headers   vary: 'Accept-Encoding' }
26 silly get cb [ 304,
26 silly get   { date: 'Sun, 10 Jul 2016 01:30:20 GMT',
26 silly get     via: '1.1 varnish',
26 silly get     'cache-control': 'max-age=300',
26 silly get     etag: '"B03AU4EU98P31SDBJ4DJV3J1C"',
26 silly get     age: '64',
26 silly get     connection: 'keep-alive',
26 silly get     'x-served-by': 'cache-atl6240-ATL',
26 silly get     'x-cache': 'HIT',
26 silly get     'x-cache-hits': '1',
26 silly get     'x-timer': 'S1468114220.918464,VS0,VE0',
26 silly get     vary: 'Accept-Encoding' } ]
27 verbose etag https://registry.npmjs.org/jake from cache
28 verbose get saving jake to /Users/bryanhankins/.npm/registry.npmjs.org/jake/.cache.json
29 verbose correctMkdir /Users/bryanhankins/.npm correctMkdir not in flight; initializing
30 silly addNameTag next cb for jake with tag latest
31 silly addNamed jake@8.0.12
32 verbose addNamed "8.0.12" is a plain semver version for jake
33 silly cache afterAdd jake@8.0.12
34 verbose afterAdd /Users/bryanhankins/.npm/jake/8.0.12/package/package.json not in flight; writing
35 verbose correctMkdir /Users/bryanhankins/.npm correctMkdir not in flight; initializing
36 verbose afterAdd /Users/bryanhankins/.npm/jake/8.0.12/package/package.json written
37 silly install resolved [ { name: 'jake',
37 silly install resolved     description: 'JavaScript build tool, similar to Make or Rake',
37 silly install resolved     keywords: [ 'build', 'cli', 'make', 'rake' ],
37 silly install resolved     version: '8.0.12',
37 silly install resolved     author:
37 silly install resolved      { name: 'Matthew Eernisse',
37 silly install resolved        email: 'mde@fleegix.org',
37 silly install resolved        url: 'http://fleegix.org' },
37 silly install resolved     bin: { jake: './bin/cli.js' },
37 silly install resolved     main: './lib/jake.js',
37 silly install resolved     repository: { type: 'git', url: 'git://github.com/mde/jake.git' },
37 silly install resolved     preferGlobal: true,
37 silly install resolved     dependencies:
37 silly install resolved      { filelist: '0.0.x',
37 silly install resolved        minimatch: '0.2.x',
37 silly install resolved        chalk: '0.4.x',
37 silly install resolved        utilities: '1.0.x',
37 silly install resolved        async: '0.9.x' },
37 silly install resolved     devDependencies: { q: '0.9.x' },
37 silly install resolved     engines: { node: '*' },
37 silly install resolved     bugs: { url: 'https://github.com/mde/jake/issues' },
37 silly install resolved     homepage: 'https://github.com/mde/jake',
37 silly install resolved     _id: 'jake@8.0.12',
37 silly install resolved     _shasum: '6074c542f6187eb647c3aee5621fee259c578edd',
37 silly install resolved     _resolved: 'https://registry.npmjs.org/jake/-/jake-8.0.12.tgz',
37 silly install resolved     _from: 'jake@latest',
37 silly install resolved     scripts: {},
37 silly install resolved     _npmVersion: '2.1.18',
37 silly install resolved     _nodeVersion: '0.10.35',
37 silly install resolved     _npmUser: { name: 'mde', email: 'mde@fleegix.org' },
37 silly install resolved     maintainers: [ [Object] ],
37 silly install resolved     dist:
37 silly install resolved      { shasum: '6074c542f6187eb647c3aee5621fee259c578edd',
37 silly install resolved        tarball: 'https://registry.npmjs.org/jake/-/jake-8.0.12.tgz' },
37 silly install resolved     directories: {},
37 silly install resolved     readme: 'ERROR: No README data found!' } ]
38 info install jake@8.0.12 into /usr/local/lib
39 info installOne jake@8.0.12
40 verbose installOne of jake to /usr/local/lib not in flight; installing
41 verbose correctMkdir /Users/bryanhankins/.npm/_locks correctMkdir not in flight; initializing
42 verbose lock using /Users/bryanhankins/.npm/_locks/jake-998507239f666ba5.lock for /usr/local/lib/node_modules/jake
43 silly install write writing jake 8.0.12 to /usr/local/lib/node_modules/jake
44 verbose unbuild lib/node_modules/jake
45 silly gentlyRm /usr/local/lib/node_modules/jake is being purged from base /usr/local
46 verbose gentlyRm don't care about contents; nuking /usr/local/lib/node_modules/jake
47 verbose tar unpack /Users/bryanhankins/.npm/jake/8.0.12/package.tgz
48 verbose tar unpacking to /usr/local/lib/node_modules/jake
49 silly gentlyRm /usr/local/lib/node_modules/jake is being purged
50 verbose gentlyRm don't care about contents; nuking /usr/local/lib/node_modules/jake
51 silly gunzTarPerm modes [ '755', '644' ]
52 error tar.unpack untar error /Users/bryanhankins/.npm/jake/8.0.12/package.tgz
53 verbose unlock done using /Users/bryanhankins/.npm/_locks/jake-998507239f666ba5.lock for /usr/local/lib/node_modules/jake
54 verbose fstream_path /usr/local/lib/node_modules/jake
55 verbose fstream_type Directory
56 verbose fstream_class DirWriter
57 verbose stack Error: EACCES: permission denied, mkdir '/usr/local/lib/node_modules/jake'
57 verbose stack     at Error (native)
58 verbose fstream_stack /usr/local/lib/node_modules/npm/node_modules/fstream/lib/dir-writer.js:35:25
58 verbose fstream_stack /usr/local/lib/node_modules/npm/node_modules/mkdirp/index.js:47:53
58 verbose fstream_stack FSReqWrap.oncomplete (fs.js:82:15)
59 verbose cwd /Users/bryanhankins/NSS/workspace/capstone
60 error Darwin 14.5.0
61 error argv "/usr/local/bin/node" "/usr/local/bin/npm" "install" "-g" "jake" "--save"
62 error node v4.4.4
63 error npm  v2.15.1
64 error path /usr/local/lib/node_modules/jake
65 error code EACCES
66 error errno -13
67 error syscall mkdir
68 error Error: EACCES: permission denied, mkdir '/usr/local/lib/node_modules/jake'
68 error     at Error (native)
68 error  { [Error: EACCES: permission denied, mkdir '/usr/local/lib/node_modules/jake']
68 error   errno: -13,
68 error   code: 'EACCES',
68 error   syscall: 'mkdir',
68 error   path: '/usr/local/lib/node_modules/jake',
68 error   fstream_type: 'Directory',
68 error   fstream_path: '/usr/local/lib/node_modules/jake',
68 error   fstream_class: 'DirWriter',
68 error   fstream_stack:
68 error    [ '/usr/local/lib/node_modules/npm/node_modules/fstream/lib/dir-writer.js:35:25',
68 error      '/usr/local/lib/node_modules/npm/node_modules/mkdirp/index.js:47:53',
68 error      'FSReqWrap.oncomplete (fs.js:82:15)' ] }
69 error Please try running this command again as root/Administrator.
70 verbose exit [ -13, true ]
71 verbose unbuild lib/node_modules/jake
72 silly gentlyRm /usr/local/lib/node_modules/jake is being purged from base /usr/local
73 verbose gentlyRm don't care about contents; nuking /usr/local/lib/node_modules/jake
